
Showing logs for build [32mcb-kubecd-environment-pr-1436-2-wv4w8-1[0m stage [32mfrom-build-pack[0m and container [32mstep-credential-initializer-v4s78[0m
{"level":"info","ts":1587640598.796329,"logger":"fallback-logger","caller":"logging/config.go:69","msg":"Fetch GitHub commit ID from kodata failed: open /var/run/ko/refs/heads/0.8.0-ns-support: no such file or directory"}
{"level":"info","ts":1587640598.7972896,"logger":"fallback-logger","caller":"creds-init/main.go:40","msg":"Credentials initialized."}

Showing logs for build [32mcb-kubecd-environment-pr-1436-2-wv4w8-1[0m stage [32mfrom-build-pack[0m and container [32mstep-working-dir-initializer-wm28c[0m
{"level":"info","ts":1587640599.4082563,"logger":"fallback-logger","caller":"logging/config.go:69","msg":"Fetch GitHub commit ID from kodata failed: open /var/run/ko/HEAD: no such file or directory"}
{"level":"info","ts":1587640599.4100685,"logger":"fallback-logger","caller":"bash/main.go:64","msg":"Successfully executed command \"sh -c mkdir -p /workspace/source\"; output "}

Showing logs for build [32mcb-kubecd-environment-pr-1436-2-wv4w8-1[0m stage [32mfrom-build-pack[0m and container [32mstep-place-tools[0m

Showing logs for build [32mcb-kubecd-environment-pr-1436-2-wv4w8-1[0m stage [32mfrom-build-pack[0m and container [32mstep-git-source-cb-kubecd-environment-pr-1436-2-wv4w8-c5t9k[0m
{"level":"info","ts":1587640603.4874916,"logger":"fallback-logger","caller":"logging/config.go:69","msg":"Fetch GitHub commit ID from kodata failed: open /var/run/ko/refs/heads/0.8.0-ns-support: no such file or directory"}
{"level":"info","ts":1587640604.5438964,"logger":"fallback-logger","caller":"git/git.go:103","msg":"Successfully cloned https://github.com/cb-kubecd/environment-pr-1436-2-bdd-frontend-staging.git @ master in path /workspace/source"}

Showing logs for build [32mcb-kubecd-environment-pr-1436-2-wv4w8-1[0m stage [32mfrom-build-pack[0m and container [32mstep-git-merge[0m
Using SHAs from PULL_REFS=master:6383080833c787223621390198bce5bc1f8d980d,1:67a6ceefac2207f183a3286d59460dff4beafbb3
DEBUG: LC_ALL=C JX_LOG_LEVEL=error git fetch origin --unshallow 67a6ceefac2207f183a3286d59460dff4beafbb3: 6383080833c787223621390198bce5bc1f8d980d:
DEBUG: ran git fetch --unshallow origin 67a6ceefac2207f183a3286d59460dff4beafbb3: 6383080833c787223621390198bce5bc1f8d980d: in 
DEBUG: LC_ALL=C JX_LOG_LEVEL=error git branch
DEBUG: LC_ALL=C JX_LOG_LEVEL=error git checkout master
DEBUG: ran git checkout master in 
DEBUG: LC_ALL=C JX_LOG_LEVEL=error git reset --hard 6383080833c787223621390198bce5bc1f8d980d
DEBUG: ran git reset --hard 6383080833c787223621390198bce5bc1f8d980d in 
DEBUG: LC_ALL=C JX_LOG_LEVEL=error git clean -fd .
DEBUG: ran clean --force -d . in 
DEBUG: LC_ALL=C JX_LOG_LEVEL=error git merge 67a6ceefac2207f183a3286d59460dff4beafbb3
DEBUG: ran git merge 67a6ceefac2207f183a3286d59460dff4beafbb3 in 
DEBUG: LC_ALL=C JX_LOG_LEVEL=error git log --format=%H%x1f%an%x1f%ae%x1f%cn%x1f%ce%x1f%s%n%b%x1e 6383080833c787223621390198bce5bc1f8d980d..HEAD
Merged SHA 67a6ceefac2207f183a3286d59460dff4beafbb3 with commit message 'chore: Promote bdd-nh-1587639510 to version 0.0.1' into base branch master

Showing logs for build [32mcb-kubecd-environment-pr-1436-2-wv4w8-1[0m stage [32mfrom-build-pack[0m and container [32mstep-build-helm-build[0m
WARNING: No $CHART_REPOSITORY defined so using the default value of: http://jenkins-x-chartmuseum:8080
Adding missing Helm repo: storage.googleapis.com https://storage.googleapis.com/chartmuseum.jenkins-x.io
WARNING: No secrets found on "helm/repos" due: reading the secret "helm/repos" from vault: no secret "helm/repos" not found in vault
Read credentials for https://storage.googleapis.com/chartmuseum.jenkins-x.io from vault helm/repos
Successfully added Helm repository storage.googleapis.com.
Adding missing Helm repo: jenkins-x-chartmuseum http://jenkins-x-chartmuseum:8080
WARNING: No secrets found on "helm/repos" due: reading the secret "helm/repos" from vault: no secret "helm/repos" not found in vault
Read credentials for http://jenkins-x-chartmuseum:8080 from vault helm/repos
Successfully added Helm repository jenkins-x-chartmuseum.
WARNING: No $CHART_REPOSITORY defined so using the default value of: http://jenkins-x-chartmuseum:8080
Adding missing Helm repo: chartmuseum.jenkins-x.io http://chartmuseum.jenkins-x.io
WARNING: No secrets found on "helm/repos" due: reading the secret "helm/repos" from vault: no secret "helm/repos" not found in vault
Read credentials for http://chartmuseum.jenkins-x.io from vault helm/repos
Successfully added Helm repository chartmuseum.jenkins-x.io.
